2013.12.12 21:23 B D:\Dropbox\personal_website\data\style\arrow.png --> csusap.csu.edu.au /userdata/bliang03/public_html/style arrow.png
2013.12.12 21:23 B D:\Dropbox\personal_website\data\style\arrow_select.png --> csusap.csu.edu.au /userdata/bliang03/public_html/style arrow_select.png
2013.12.12 21:23 B D:\Dropbox\personal_website\data\style\content.png --> csusap.csu.edu.au /userdata/bliang03/public_html/style content.png
2013.12.12 21:23 B D:\Dropbox\personal_website\data\style\logo.jpg --> csusap.csu.edu.au /userdata/bliang03/public_html/style logo.jpg
2013.12.12 21:23 B D:\Dropbox\personal_website\data\style\menu.png --> csusap.csu.edu.au /userdata/bliang03/public_html/style menu.png
2013.12.12 21:23 B D:\Dropbox\personal_website\data\style\menu_selected.png --> csusap.csu.edu.au /userdata/bliang03/public_html/style menu_selected.png
2013.12.12 21:23 B D:\Dropbox\personal_website\data\style\pattern.png --> csusap.csu.edu.au /userdata/bliang03/public_html/style pattern.png
2013.12.12 21:23 B D:\Dropbox\personal_website\data\style\style.css --> csusap.csu.edu.au /userdata/bliang03/public_html/style style.css
2013.12.12 21:30 B D:\Dropbox\personal_website\data\style\logo_bakup.jpg --> csusap.csu.edu.au /userdata/bliang03/public_html/style logo_bakup.jpg
2013.12.12 21:30 B D:\Dropbox\personal_website\data\style\WS_FTP.LOG --> csusap.csu.edu.au /userdata/bliang03/public_html/style WS_FTP.LOG
2013.12.12 21:31 B D:\Dropbox\personal_website\data\style\WS_FTP.LOG --> csusap.csu.edu.au /userdata/bliang03/public_html/style WS_FTP.LOG
2013.12.12 21:32 B D:\Dropbox\personal_website\data\style\logo.jpg --> csusap.csu.edu.au /userdata/bliang03/public_html/style logo.jpg
2013.12.12 21:53 B D:\Dropbox\personal_website\data\style\logo.jpg --> csusap.csu.edu.au /userdata/bliang03 logo.jpg
2013.12.12 21:54 B D:\Dropbox\personal_website\data\style\logo.jpg --> csusap.csu.edu.au /userdata/bliang03/public_html/style logo.jpg
2013.12.12 21:56 B D:\Dropbox\personal_website\data\style\style.css --> csusap.csu.edu.au /userdata/bliang03/public_html/style style.css
2013.12.12 21:59 B D:\Dropbox\personal_website\data\style\style.css --> csusap.csu.edu.au /userdata/bliang03/public_html style.css
2013.12.12 21:59 B D:\Dropbox\personal_website\data\style\style.css --> csusap.csu.edu.au /userdata/bliang03/public_html/style style.css
2013.12.12 22:00 B D:\Dropbox\personal_website\data\style\style.css --> csusap.csu.edu.au /userdata/bliang03/public_html/style style.css
2013.12.12 22:02 B D:\Dropbox\personal_website\data\style\style.css --> csusap.csu.edu.au /userdata/bliang03/public_html/style style.css
2013.12.12 22:02 B D:\Dropbox\personal_website\data\style\style.css --> csusap.csu.edu.au /userdata/bliang03/public_html/style style.css
2013.12.12 22:02 B D:\Dropbox\personal_website\data\style\style.css --> csusap.csu.edu.au /userdata/bliang03/public_html/style style.css
2013.12.12 22:28 B D:\Dropbox\personal_website\data\style\.picasa.ini --> csusap.csu.edu.au /userdata/bliang03/public_html/style .picasa.ini
2013.12.12 22:28 B D:\Dropbox\personal_website\data\style\arrow.png --> csusap.csu.edu.au /userdata/bliang03/public_html/style arrow.png
2013.12.12 22:28 B D:\Dropbox\personal_website\data\style\arrow_select.png --> csusap.csu.edu.au /userdata/bliang03/public_html/style arrow_select.png
2013.12.12 22:28 B D:\Dropbox\personal_website\data\style\content.png --> csusap.csu.edu.au /userdata/bliang03/public_html/style content.png
2013.12.12 22:29 B D:\Dropbox\personal_website\data\style\logo.jpg --> csusap.csu.edu.au /userdata/bliang03/public_html/style logo.jpg
2013.12.12 22:29 B D:\Dropbox\personal_website\data\style\logo_bakup.jpg --> csusap.csu.edu.au /userdata/bliang03/public_html/style logo_bakup.jpg
2013.12.12 22:29 B D:\Dropbox\personal_website\data\style\menu.png --> csusap.csu.edu.au /userdata/bliang03/public_html/style menu.png
2013.12.12 22:29 B D:\Dropbox\personal_website\data\style\menu_selected.png --> csusap.csu.edu.au /userdata/bliang03/public_html/style menu_selected.png
2013.12.12 22:29 B D:\Dropbox\personal_website\data\style\pattern.png --> csusap.csu.edu.au /userdata/bliang03/public_html/style pattern.png
2013.12.12 22:29 B D:\Dropbox\personal_website\data\style\style.css --> csusap.csu.edu.au /userdata/bliang03/public_html/style style.css
2013.12.12 22:29 B D:\Dropbox\personal_website\data\style\style.css.bak --> csusap.csu.edu.au /userdata/bliang03/public_html/style style.css.bak
2013.12.12 22:29 B D:\Dropbox\personal_website\data\style\WS_FTP.LOG --> csusap.csu.edu.au /userdata/bliang03/public_html/style WS_FTP.LOG
2013.12.12 22:35 B D:\Dropbox\personal_website\data\style\style.css --> csusap.csu.edu.au /userdata/bliang03/public_html/style style.css
2013.12.12 22:35 B D:\Dropbox\personal_website\data\style\logo_small.jpg --> csusap.csu.edu.au /userdata/bliang03/public_html/style logo_small.jpg
2013.12.12 22:45 B D:\Dropbox\personal_website\data\style\.picasa.ini --> csusap.csu.edu.au /userdata/bliang03/public_html/style .picasa.ini
2013.12.12 22:45 B D:\Dropbox\personal_website\data\style\arrow.png --> csusap.csu.edu.au /userdata/bliang03/public_html/style arrow.png
2013.12.12 22:45 B D:\Dropbox\personal_website\data\style\arrow_select.png --> csusap.csu.edu.au /userdata/bliang03/public_html/style arrow_select.png
2013.12.12 22:45 B D:\Dropbox\personal_website\data\style\content.png --> csusap.csu.edu.au /userdata/bliang03/public_html/style content.png
2013.12.12 22:45 B D:\Dropbox\personal_website\data\style\logo.jpg --> csusap.csu.edu.au /userdata/bliang03/public_html/style logo.jpg
2013.12.12 22:45 B D:\Dropbox\personal_website\data\style\logo_bakup.jpg --> csusap.csu.edu.au /userdata/bliang03/public_html/style logo_bakup.jpg
2013.12.12 22:45 B D:\Dropbox\personal_website\data\style\logo_small.jpg --> csusap.csu.edu.au /userdata/bliang03/public_html/style logo_small.jpg
2013.12.12 22:45 B D:\Dropbox\personal_website\data\style\menu.png --> csusap.csu.edu.au /userdata/bliang03/public_html/style menu.png
2013.12.12 22:45 B D:\Dropbox\personal_website\data\style\menu_selected.png --> csusap.csu.edu.au /userdata/bliang03/public_html/style menu_selected.png
2013.12.12 22:45 B D:\Dropbox\personal_website\data\style\pattern.png --> csusap.csu.edu.au /userdata/bliang03/public_html/style pattern.png
2013.12.12 22:45 B D:\Dropbox\personal_website\data\style\style.css --> csusap.csu.edu.au /userdata/bliang03/public_html/style style.css
2013.12.12 22:45 B D:\Dropbox\personal_website\data\style\style.css.bak --> csusap.csu.edu.au /userdata/bliang03/public_html/style style.css.bak
2013.12.12 22:45 B D:\Dropbox\personal_website\data\style\WS_FTP.LOG --> csusap.csu.edu.au /userdata/bliang03/public_html/style WS_FTP.LOG
2013.12.13 00:01 B D:\Dropbox\personal_website\data\style\style.css --> csusap.csu.edu.au /userdata/bliang03/public_html/style style.css
2013.12.13 00:01 B D:\Dropbox\personal_website\data\style\style.css.bak --> csusap.csu.edu.au /userdata/bliang03/public_html/style style.css.bak
2013.12.13 00:01 B D:\Dropbox\personal_website\data\style\WS_FTP.LOG --> csusap.csu.edu.au /userdata/bliang03/public_html/style WS_FTP.LOG
2013.12.13 00:10 B D:\Dropbox\personal_website\data\style\style.css --> csusap.csu.edu.au /userdata/bliang03/public_html/style style.css
2013.12.13 00:10 B D:\Dropbox\personal_website\data\style\style.css.bak --> csusap.csu.edu.au /userdata/bliang03/public_html/style style.css.bak
2013.12.13 00:10 B D:\Dropbox\personal_website\data\style\WS_FTP.LOG --> csusap.csu.edu.au /userdata/bliang03/public_html/style WS_FTP.LOG
2013.12.13 00:17 B D:\Dropbox\personal_website\data\style\WS_FTP.LOG --> csusap.csu.edu.au /userdata/bliang03/public_html/style WS_FTP.LOG
2013.12.13 00:21 B D:\Dropbox\personal_website\data\style\WS_FTP.LOG --> csusap.csu.edu.au /userdata/bliang03/public_html/style WS_FTP.LOG
2013.12.13 01:07 B D:\Dropbox\personal_website\data\style\.picasa.ini --> csusap.csu.edu.au /userdata/bliang03/style .picasa.ini
2013.12.13 01:07 B D:\Dropbox\personal_website\data\style\arrow.png --> csusap.csu.edu.au /userdata/bliang03/style arrow.png
2013.12.13 01:07 B D:\Dropbox\personal_website\data\style\arrow_select.png --> csusap.csu.edu.au /userdata/bliang03/style arrow_select.png
2013.12.13 01:07 B D:\Dropbox\personal_website\data\style\content.png --> csusap.csu.edu.au /userdata/bliang03/style content.png
2013.12.13 01:07 B D:\Dropbox\personal_website\data\style\logo.jpg --> csusap.csu.edu.au /userdata/bliang03/style logo.jpg
2013.12.13 01:07 B D:\Dropbox\personal_website\data\style\logo_bakup.jpg --> csusap.csu.edu.au /userdata/bliang03/style logo_bakup.jpg
2013.12.13 01:07 B D:\Dropbox\personal_website\data\style\logo_small.jpg --> csusap.csu.edu.au /userdata/bliang03/style logo_small.jpg
2013.12.13 01:07 B D:\Dropbox\personal_website\data\style\menu.png --> csusap.csu.edu.au /userdata/bliang03/style menu.png
2013.12.13 01:07 B D:\Dropbox\personal_website\data\style\menu_selected.png --> csusap.csu.edu.au /userdata/bliang03/style menu_selected.png
2013.12.13 01:07 B D:\Dropbox\personal_website\data\style\pattern.png --> csusap.csu.edu.au /userdata/bliang03/style pattern.png
2013.12.13 01:07 B D:\Dropbox\personal_website\data\style\style.css --> csusap.csu.edu.au /userdata/bliang03/style style.css
2013.12.13 01:07 B D:\Dropbox\personal_website\data\style\style.css.bak --> csusap.csu.edu.au /userdata/bliang03/style style.css.bak
2013.12.13 01:07 B D:\Dropbox\personal_website\data\style\WS_FTP.LOG --> csusap.csu.edu.au /userdata/bliang03/style WS_FTP.LOG
2013.12.13 01:10 B D:\Dropbox\personal_website\data\style\style.css --> csusap.csu.edu.au /userdata/bliang03/public_html/style style.css
2013.12.13 01:10 B D:\Dropbox\personal_website\data\style\style.css.bak --> csusap.csu.edu.au /userdata/bliang03/public_html/style style.css.bak
2013.12.13 01:10 B D:\Dropbox\personal_website\data\style\WS_FTP.LOG --> csusap.csu.edu.au /userdata/bliang03/public_html/style WS_FTP.LOG
2013.12.15 00:59 B D:\Dropbox\personal_website\data\style\style.css --> csusap.csu.edu.au /userdata/bliang03/public_html/style style.css
2013.12.15 00:59 B D:\Dropbox\personal_website\data\style\style.css.bak --> csusap.csu.edu.au /userdata/bliang03/public_html/style style.css.bak
2013.12.15 00:59 B D:\Dropbox\personal_website\data\style\WS_FTP.LOG --> csusap.csu.edu.au /userdata/bliang03/public_html/style WS_FTP.LOG
2013.12.20 15:12 B D:\Dropbox\personal_website\data\style\WS_FTP.LOG --> csusap.csu.edu.au /userdata/bliang03/public_html/style WS_FTP.LOG
2013.12.22 09:17 B D:\Dropbox\personal_website\data\style\style.css --> csusap.csu.edu.au /userdata/bliang03/public_html/style style.css
2013.12.22 09:17 B D:\Dropbox\personal_website\data\style\style.css.bak --> csusap.csu.edu.au /userdata/bliang03/public_html/style style.css.bak
2013.12.22 09:17 B D:\Dropbox\personal_website\data\style\WS_FTP.LOG --> csusap.csu.edu.au /userdata/bliang03/public_html/style WS_FTP.LOG
2013.12.22 09:22 B D:\Dropbox\personal_website\data\style\WS_FTP.LOG --> csusap.csu.edu.au /userdata/bliang03/public_html/style WS_FTP.LOG
2013.12.22 17:01 B D:\Research\Codes\Personal_Website\style\arrow_tri.png --> csusap.csu.edu.au /userdata/bliang03/public_html/style arrow_tri.png
2013.12.22 17:01 B D:\Research\Codes\Personal_Website\style\arrow_tri_select.png --> csusap.csu.edu.au /userdata/bliang03/public_html/style arrow_tri_select.png
2013.12.22 17:01 B D:\Research\Codes\Personal_Website\style\style.css --> csusap.csu.edu.au /userdata/bliang03/public_html/style style.css
2013.12.22 17:01 B D:\Research\Codes\Personal_Website\style\style.css.bak --> csusap.csu.edu.au /userdata/bliang03/public_html/style style.css.bak
2013.12.22 17:01 B D:\Research\Codes\Personal_Website\style\WS_FTP.LOG --> csusap.csu.edu.au /userdata/bliang03/public_html/style WS_FTP.LOG
