2013.12.12 23:39 B D:\Dropbox\personal_website\data\resouces\images\email.png --> csusap.csu.edu.au /userdata/bliang03/resouces/images email.png
2013.12.12 23:40 B D:\Dropbox\personal_website\data\resouces\images\email.png --> csusap.csu.edu.au /userdata/bliang03/public_html/resouces/images email.png
2013.12.12 23:40 B D:\Dropbox\personal_website\data\resouces\images\WS_FTP.LOG --> csusap.csu.edu.au /userdata/bliang03/public_html/resouces/images WS_FTP.LOG
2013.12.13 00:01 B D:\Dropbox\personal_website\data\resouces\images\qrcode.png --> csusap.csu.edu.au /userdata/bliang03/public_html/resouces/images qrcode.png
2013.12.13 00:01 B D:\Dropbox\personal_website\data\resouces\images\WS_FTP.LOG --> csusap.csu.edu.au /userdata/bliang03/public_html/resouces/images WS_FTP.LOG
2013.12.13 00:10 B D:\Dropbox\personal_website\data\resouces\images\WS_FTP.LOG --> csusap.csu.edu.au /userdata/bliang03/public_html/resouces/images WS_FTP.LOG
2013.12.13 00:17 B D:\Dropbox\personal_website\data\resouces\images\favicon.ico --> csusap.csu.edu.au /userdata/bliang03/public_html/resouces/images favicon.ico
2013.12.13 00:17 B D:\Dropbox\personal_website\data\resouces\images\WS_FTP.LOG --> csusap.csu.edu.au /userdata/bliang03/public_html/resouces/images WS_FTP.LOG
2013.12.13 00:21 B D:\Dropbox\personal_website\data\resouces\images\favicon.ico --> csusap.csu.edu.au /userdata/bliang03/public_html/resouces/images favicon.ico
2013.12.13 00:21 B D:\Dropbox\personal_website\data\resouces\images\WS_FTP.LOG --> csusap.csu.edu.au /userdata/bliang03/public_html/resouces/images WS_FTP.LOG
2013.12.13 01:07 B D:\Dropbox\personal_website\data\resouces\images\email.png --> csusap.csu.edu.au /userdata/bliang03/resouces/images email.png
2013.12.13 01:07 B D:\Dropbox\personal_website\data\resouces\images\favicon.ico --> csusap.csu.edu.au /userdata/bliang03/resouces/images favicon.ico
2013.12.13 01:07 B D:\Dropbox\personal_website\data\resouces\images\qrcode.png --> csusap.csu.edu.au /userdata/bliang03/resouces/images qrcode.png
2013.12.13 01:07 B D:\Dropbox\personal_website\data\resouces\images\WS_FTP.LOG --> csusap.csu.edu.au /userdata/bliang03/resouces/images WS_FTP.LOG
2013.12.13 01:10 B D:\Dropbox\personal_website\data\resouces\images\WS_FTP.LOG --> csusap.csu.edu.au /userdata/bliang03/public_html/resouces/images WS_FTP.LOG
2013.12.15 00:59 B D:\Dropbox\personal_website\data\resouces\images\WS_FTP.LOG --> csusap.csu.edu.au /userdata/bliang03/public_html/resouces/images WS_FTP.LOG
2013.12.20 15:11 B D:\Dropbox\personal_website\data\resouces\images\WS_FTP.LOG --> csusap.csu.edu.au /userdata/bliang03/public_html/resouces/images WS_FTP.LOG
2013.12.22 09:17 B D:\Dropbox\personal_website\data\resouces\images\BinLiang.jpg --> csusap.csu.edu.au /userdata/bliang03/public_html/resouces/images BinLiang.jpg
2013.12.22 09:17 B D:\Dropbox\personal_website\data\resouces\images\WS_FTP.LOG --> csusap.csu.edu.au /userdata/bliang03/public_html/resouces/images WS_FTP.LOG
2013.12.22 09:22 B D:\Dropbox\personal_website\data\resouces\images\BinLiang_small.jpg --> csusap.csu.edu.au /userdata/bliang03/public_html/resouces/images BinLiang_small.jpg
2013.12.22 09:22 B D:\Dropbox\personal_website\data\resouces\images\WS_FTP.LOG --> csusap.csu.edu.au /userdata/bliang03/public_html/resouces/images WS_FTP.LOG
2013.12.22 17:01 B D:\Research\Codes\Personal_Website\resouces\images\WS_FTP.LOG --> csusap.csu.edu.au /userdata/bliang03/public_html/resouces/images WS_FTP.LOG
